<?xml version="1.0" encoding="UTF-8"?>
<testng-results total="1" passed="1" failed="0" skipped="0">
  <reporter-output>
  </reporter-output>
  <suite started-at="2023-10-08T15:55:40Z" name="InetBankingv1" finished-at="2023-10-08T15:55:58Z" duration-ms="17506">
    <groups>
    </groups>
    <test started-at="2023-10-08T15:55:40Z" name="BankingApp Test" finished-at="2023-10-08T15:55:58Z" duration-ms="17506">
      <class name="com.inetbanking.testCases.TC_loginTest_001">
        <test-method is-config="true" signature="setup(java.lang.String)[pri:0, instance:com.inetbanking.testCases.TC_loginTest_001@20d3d15a]" started-at="2023-10-08T21:55:41Z" name="setup" finished-at="2023-10-08T21:55:56Z" duration-ms="15329" status="PASS">
          <params>
            <param index="0">
              <value>
                <![CDATA[chrome]]>
              </value>
            </param>
          </params>
          <reporter-output>
          </reporter-output>
        </test-method> <!-- setup -->
        <test-method signature="loginTest()[pri:0, instance:com.inetbanking.testCases.TC_loginTest_001@20d3d15a]" started-at="2023-10-08T21:55:56Z" name="loginTest" finished-at="2023-10-08T21:55:58Z" duration-ms="1710" status="PASS">
          <reporter-output>
          </reporter-output>
        </test-method> <!-- loginTest -->
        <test-method is-config="true" signature="tearDown()[pri:0, instance:com.inetbanking.testCases.TC_loginTest_001@20d3d15a]" started-at="2023-10-08T21:55:58Z" name="tearDown" finished-at="2023-10-08T21:55:58Z" duration-ms="290" status="PASS">
          <reporter-output>
          </reporter-output>
        </test-method> <!-- tearDown -->
      </class> <!-- com.inetbanking.testCases.TC_loginTest_001 -->
    </test> <!-- BankingApp Test -->
  </suite> <!-- InetBankingv1 -->
</testng-results>
