<?xml version="1.0" encoding="UTF-8"?>
<testng-results total="1" passed="1" failed="0" skipped="0">
  <reporter-output>
  </reporter-output>
  <suite started-at="2023-10-06T04:46:02Z" name="InetBankingv1" finished-at="2023-10-06T04:46:25Z" duration-ms="23598">
    <groups>
    </groups>
    <test started-at="2023-10-06T04:46:02Z" name="BankingApp Test" finished-at="2023-10-06T04:46:25Z" duration-ms="23598">
      <class name="com.inetbanking.testCases.TC_loginTest_001">
        <test-method is-config="true" signature="setup(java.lang.String)[pri:0, instance:com.inetbanking.testCases.TC_loginTest_001@212bf671]" started-at="2023-10-06T10:46:02Z" name="setup" finished-at="2023-10-06T10:46:23Z" duration-ms="21238" status="PASS">
          <params>
            <param index="0">
              <value>
                <![CDATA[chrome]]>
              </value>
            </param>
          </params>
          <reporter-output>
          </reporter-output>
        </test-method> <!-- setup -->
        <test-method signature="loginTest()[pri:0, instance:com.inetbanking.testCases.TC_loginTest_001@212bf671]" started-at="2023-10-06T10:46:23Z" name="loginTest" finished-at="2023-10-06T10:46:25Z" duration-ms="1753" status="PASS">
          <reporter-output>
          </reporter-output>
        </test-method> <!-- loginTest -->
        <test-method is-config="true" signature="tearDown()[pri:0, instance:com.inetbanking.testCases.TC_loginTest_001@212bf671]" started-at="2023-10-06T10:46:25Z" name="tearDown" finished-at="2023-10-06T10:46:25Z" duration-ms="305" status="PASS">
          <reporter-output>
          </reporter-output>
        </test-method> <!-- tearDown -->
      </class> <!-- com.inetbanking.testCases.TC_loginTest_001 -->
    </test> <!-- BankingApp Test -->
  </suite> <!-- InetBankingv1 -->
</testng-results>
